<?xml version="1.0" encoding="UTF-8"?>
<!-- Generated by org.testng.reporters.JUnitReportReporter -->
<testsuite hostname="QT-USEC-LT0491" failures="0" tests="1" name="com.shiftleftautomation.runner.TestRunner" time="2.755" errors="0" timestamp="2024-05-31T12:54:06 CDT" skipped="0">
  <testcase classname="com.shiftleftautomation.runner.TestRunner" name="runScenario" time="2.755"/>
</testsuite> <!-- com.shiftleftautomation.runner.TestRunner -->
