<?xml version="1.0" encoding="UTF-8"?>
<!-- Generated by org.testng.reporters.JUnitReportReporter -->
<testsuite hostname="QT-USEC-LT0491" failures="0" tests="1" name="com.shiftleftautomation.runner.TestRunner" time="7.943" errors="0" timestamp="2024-07-01T10:49:43 CDT" skipped="0">
  <testcase classname="com.shiftleftautomation.runner.TestRunner" name="runScenario" time="7.943"/>
</testsuite> <!-- com.shiftleftautomation.runner.TestRunner -->
